{"/home/matheus/Documents/Fatec/DevOps/ex03-ci-cd/meu-projeto/src/js/app.js": {"path":"/home/matheus/Documents/Fatec/DevOps/ex03-ci-cd/meu-projeto/src/js/app.js","statementMap":{"0":{"start":{"line":2,"column":4},"end":{"line":2,"column":35}},"1":{"start":{"line":6,"column":4},"end":{"line":6,"column":62}},"2":{"start":{"line":6,"column":53},"end":{"line":6,"column":62}},"3":{"start":{"line":7,"column":17},"end":{"line":7,"column":59}},"4":{"start":{"line":7,"column":45},"end":{"line":7,"column":55}},"5":{"start":{"line":8,"column":4},"end":{"line":8,"column":31}},"6":{"start":{"line":12,"column":4},"end":{"line":12,"column":38}},"7":{"start":{"line":12,"column":20},"end":{"line":12,"column":38}},"8":{"start":{"line":13,"column":4},"end":{"line":13,"column":41}},"9":{"start":{"line":13,"column":20},"end":{"line":13,"column":41}},"10":{"start":{"line":14,"column":4},"end":{"line":14,"column":23}},"11":{"start":{"line":17,"column":2},"end":{"line":17,"column":60}}},"fnMap":{"0":{"name":"validaNota","decl":{"start":{"line":1,"column":9},"end":{"line":1,"column":19}},"loc":{"start":{"line":1,"column":26},"end":{"line":3,"column":3}},"line":1},"1":{"name":"calculaMedia","decl":{"start":{"line":5,"column":11},"end":{"line":5,"column":23}},"loc":{"start":{"line":5,"column":31},"end":{"line":9,"column":3}},"line":5},"2":{"name":"(anonymous_2)","decl":{"start":{"line":7,"column":30},"end":{"line":7,"column":31}},"loc":{"start":{"line":7,"column":45},"end":{"line":7,"column":55}},"line":7},"3":{"name":"situaAluno","decl":{"start":{"line":11,"column":11},"end":{"line":11,"column":21}},"loc":{"start":{"line":11,"column":29},"end":{"line":15,"column":3}},"line":11}},"branchMap":{"0":{"loc":{"start":{"line":2,"column":11},"end":{"line":2,"column":34}},"type":"binary-expr","locations":[{"start":{"line":2,"column":11},"end":{"line":2,"column":20}},{"start":{"line":2,"column":24},"end":{"line":2,"column":34}}],"line":2},"1":{"loc":{"start":{"line":6,"column":4},"end":{"line":6,"column":62}},"type":"if","locations":[{"start":{"line":6,"column":4},"end":{"line":6,"column":62}},{"start":{},"end":{}}],"line":6},"2":{"loc":{"start":{"line":6,"column":8},"end":{"line":6,"column":51}},"type":"binary-expr","locations":[{"start":{"line":6,"column":8},"end":{"line":6,"column":29}},{"start":{"line":6,"column":33},"end":{"line":6,"column":51}}],"line":6},"3":{"loc":{"start":{"line":12,"column":4},"end":{"line":12,"column":38}},"type":"if","locations":[{"start":{"line":12,"column":4},"end":{"line":12,"column":38}},{"start":{},"end":{}}],"line":12},"4":{"loc":{"start":{"line":13,"column":4},"end":{"line":13,"column":41}},"type":"if","locations":[{"start":{"line":13,"column":4},"end":{"line":13,"column":41}},{"start":{},"end":{}}],"line":13}},"s":{"0":2,"1":2,"2":1,"3":1,"4":3,"5":1,"6":3,"7":1,"8":2,"9":1,"10":1,"11":1},"f":{"0":2,"1":2,"2":3,"3":3},"b":{"0":[2,2],"1":[1,1],"2":[2,2],"3":[1,2],"4":[1,1]},"_coverageSchema":"1a1c01bbd47fc00a2c39e90264f33305004495a9","hash":"7c473fee39aad2e2393ba790c54702913dfc2542"}
}
